Copyright 1986-2020 Xilinx, Inc. All Rights Reserved.
--------------------------------------------------------------------------------------------
| Tool Version : Vivado v.2020.1 (lin64) Build 2902540 Wed May 27 19:54:35 MDT 2020
| Date         : Fri Oct 14 18:13:29 2022
| Host         : pinceta-MS-7B98 running 64-bit Ubuntu 20.04.5 LTS
| Command      : report_clock_utilization -file red_pitaya_top_clock_utilization_routed.rpt
| Design       : red_pitaya_top
| Device       : 7z010-clg400
| Speed File   : -1  PRODUCTION 1.12 2019-11-22
| Design State : Routed
--------------------------------------------------------------------------------------------

Clock Utilization Report

Table of Contents
-----------------
1. Clock Primitive Utilization
2. Global Clock Resources
3. Global Clock Source Details
4. Clock Regions: Key Resource Utilization
5. Clock Regions : Global Clock Summary
6. Device Cell Placement Summary for Global Clock g0
7. Device Cell Placement Summary for Global Clock g1
8. Device Cell Placement Summary for Global Clock g2
9. Device Cell Placement Summary for Global Clock g3
10. Device Cell Placement Summary for Global Clock g4
11. Clock Region Cell Placement per Global Clock: Region X0Y0
12. Clock Region Cell Placement per Global Clock: Region X0Y1
13. Clock Region Cell Placement per Global Clock: Region X1Y1

1. Clock Primitive Utilization
------------------------------

+----------+------+-----------+-----+--------------+--------+
| Type     | Used | Available | LOC | Clock Region | Pblock |
+----------+------+-----------+-----+--------------+--------+
| BUFGCTRL |    5 |        32 |   0 |            0 |      0 |
| BUFH     |    0 |        48 |   0 |            0 |      0 |
| BUFIO    |    0 |         8 |   0 |            0 |      0 |
| BUFMR    |    0 |         4 |   0 |            0 |      0 |
| BUFR     |    0 |         8 |   0 |            0 |      0 |
| MMCM     |    0 |         2 |   0 |            0 |      0 |
| PLL      |    1 |         2 |   0 |            0 |      0 |
+----------+------+-----------+-----+--------------+--------+


2. Global Clock Resources
-------------------------

+-----------+-----------+-----------------+------------+---------------+--------------+-------------------+-------------+-----------------+--------------+----------------+----------------------------------------------------------------+---------------------------------------------------------+
| Global Id | Source Id | Driver Type/Pin | Constraint | Site          | Clock Region | Load Clock Region | Clock Loads | Non-Clock Loads | Clock Period | Clock          | Driver Pin                                                     | Net                                                     |
+-----------+-----------+-----------------+------------+---------------+--------------+-------------------+-------------+-----------------+--------------+----------------+----------------------------------------------------------------+---------------------------------------------------------+
| g0        | src0      | BUFG/O          | None       | BUFGCTRL_X0Y0 | n/a          |                 2 |         627 |               0 |        8.000 | clk_fpga_0     | system_wrapper_i/processing_system7/inst/FCLK_CLK0_BUFG_inst/O | system_wrapper_i/processing_system7/inst/FCLK_CLK0_BUFG |
| g1        | src0      | BUFG/O          | None       | BUFGCTRL_X0Y1 | n/a          |                 2 |         410 |               0 |       16.000 | clk_fpga_2     | system_wrapper_i/processing_system7/inst/FCLK_CLK2_BUFG_inst/O | system_wrapper_i/processing_system7/inst/FCLK_CLK2_BUFG |
| g2        | src1      | BUFG/O          | None       | BUFGCTRL_X0Y2 | n/a          |                 1 |          16 |               0 |        8.000 | pll_dac_clk_1x | bufg_dac_clk_1x/O                                              | dac_clk_1x                                              |
| g3        | src1      | BUFG/O          | None       | BUFGCTRL_X0Y3 | n/a          |                 1 |           1 |               0 |        4.000 | pll_dac_clk_2p | bufg_dac_clk_2p/O                                              | dac_clk_2p                                              |
| g4        | src1      | BUFG/O          | None       | BUFGCTRL_X0Y4 | n/a          |                 1 |           1 |               0 |        4.000 | pll_dac_clk_2x | bufg_dac_clk_2x/O                                              | dac_clk_2x                                              |
+-----------+-----------+-----------------+------------+---------------+--------------+-------------------+-------------+-----------------+--------------+----------------+----------------------------------------------------------------+---------------------------------------------------------+
* Clock Loads column represents the clock pin loads (pin count)
** Non-Clock Loads column represents the non-clock pin loads (pin count)


3. Global Clock Source Details
------------------------------

+-----------+-----------+-------------------+------------+----------------+--------------+-------------+-----------------+---------------------+----------------+-----------------------------------------------------------+----------------------------------------------------+
| Source Id | Global Id | Driver Type/Pin   | Constraint | Site           | Clock Region | Clock Loads | Non-Clock Loads | Source Clock Period | Source Clock   | Driver Pin                                                | Net                                                |
+-----------+-----------+-------------------+------------+----------------+--------------+-------------+-----------------+---------------------+----------------+-----------------------------------------------------------+----------------------------------------------------+
| src0      | g0        | PS7/FCLKCLK[0]    | PS7_X0Y0   | PS7_X0Y0       | X0Y1         |           1 |               0 |               8.000 | clk_fpga_0     | system_wrapper_i/processing_system7/inst/PS7_i/FCLKCLK[0] | system_wrapper_i/processing_system7/inst/FCLK_CLK0 |
| src0      | g1        | PS7/FCLKCLK[2]    | PS7_X0Y0   | PS7_X0Y0       | X0Y1         |           1 |               0 |              16.000 | clk_fpga_2     | system_wrapper_i/processing_system7/inst/PS7_i/FCLKCLK[2] | system_wrapper_i/processing_system7/inst/FCLK_CLK2 |
| src1      | g2        | PLLE2_ADV/CLKOUT1 | None       | PLLE2_ADV_X0Y0 | X1Y0         |           1 |               0 |               8.000 | pll_dac_clk_1x | pll/pll/CLKOUT1                                           | pll/pll_dac_clk_1x                                 |
| src1      | g3        | PLLE2_ADV/CLKOUT3 | None       | PLLE2_ADV_X0Y0 | X1Y0         |           1 |               0 |               4.000 | pll_dac_clk_2p | pll/pll/CLKOUT3                                           | pll/pll_dac_clk_2p                                 |
| src1      | g4        | PLLE2_ADV/CLKOUT2 | None       | PLLE2_ADV_X0Y0 | X1Y0         |           1 |               0 |               4.000 | pll_dac_clk_2x | pll/pll/CLKOUT2                                           | pll/pll_dac_clk_2x                                 |
+-----------+-----------+-------------------+------------+----------------+--------------+-------------+-----------------+---------------------+----------------+-----------------------------------------------------------+----------------------------------------------------+
* Clock Loads column represents the clock pin loads (pin count)
** Non-Clock Loads column represents the non-clock pin loads (pin count)


4. Clock Regions: Key Resource Utilization
------------------------------------------

+-------------------+--------------+--------------+--------------+--------------+--------------+--------------+--------------+--------------+--------------+--------------+--------------+--------------+--------------+--------------+--------------+
|                   | Global Clock |     BUFRs    |    BUFMRs    |    BUFIOs    |     MMCM     |      PLL     |      GT      |      PCI     |    ILOGIC    |    OLOGIC    |      FF      |     LUTM     |    RAMB18    |    RAMB36    |    DSP48E2   |
+-------------------+------+-------+------+-------+------+-------+------+-------+------+-------+------+-------+------+-------+------+-------+------+-------+------+-------+------+-------+------+-------+------+-------+------+-------+------+-------+
| Clock Region Name | Used | Avail | Used | Avail | Used | Avail | Used | Avail | Used | Avail | Used | Avail | Used | Avail | Used | Avail | Used | Avail | Used | Avail | Used | Avail | Used | Avail | Used | Avail | Used | Avail | Used | Avail |
+-------------------+------+-------+------+-------+------+-------+------+-------+------+-------+------+-------+------+-------+------+-------+------+-------+------+-------+------+-------+------+-------+------+-------+------+-------+------+-------+
| X0Y0              |    2 |    12 |    0 |     0 |    0 |     0 |    0 |     0 |    0 |     0 |    0 |     0 |    0 |     0 |    0 |     0 |    0 |     0 |    0 |     0 |  796 |  1100 |  268 |   400 |    0 |    20 |    0 |    10 |    0 |    20 |
| X1Y0              |    0 |    12 |    0 |     4 |    0 |     2 |    0 |     4 |    0 |     1 |    0 |     1 |    0 |     0 |    0 |     0 |    0 |    50 |    0 |    50 |    0 |  1100 |    0 |   350 |    0 |    40 |    0 |    20 |    0 |    20 |
| X0Y1              |    2 |    12 |    0 |     0 |    0 |     0 |    0 |     0 |    0 |     0 |    0 |     0 |    0 |     0 |    0 |     0 |    0 |     0 |    0 |     0 |  186 |  1100 |   74 |   400 |    0 |    20 |    0 |    10 |    0 |    20 |
| X1Y1              |    3 |    12 |    0 |     4 |    0 |     2 |    0 |     4 |    0 |     1 |    0 |     1 |    0 |     0 |    0 |     0 |    0 |    50 |   18 |    50 |    0 |  1100 |    0 |   350 |    0 |    40 |    0 |    20 |    0 |    20 |
+-------------------+------+-------+------+-------+------+-------+------+-------+------+-------+------+-------+------+-------+------+-------+------+-------+------+-------+------+-------+------+-------+------+-------+------+-------+------+-------+
* Global Clock column represents track count; while other columns represents cell counts


5. Clock Regions : Global Clock Summary
---------------------------------------

All Modules
+----+----+----+
|    | X0 | X1 |
+----+----+----+
| Y1 |  2 |  3 |
| Y0 |  2 |  0 |
+----+----+----+


6. Device Cell Placement Summary for Global Clock g0
----------------------------------------------------

+-----------+-----------------+-------------------+------------+-------------+---------------+-------------+----------+----------------+----------+---------------------------------------------------------+
| Global Id | Driver Type/Pin | Driver Region (D) | Clock      | Period (ns) | Waveform (ns) | Slice Loads | IO Loads | Clocking Loads | GT Loads | Net                                                     |
+-----------+-----------------+-------------------+------------+-------------+---------------+-------------+----------+----------------+----------+---------------------------------------------------------+
| g0        | BUFG/O          | n/a               | clk_fpga_0 |       8.000 | {0.000 4.000} |         616 |        0 |              0 |        0 | system_wrapper_i/processing_system7/inst/FCLK_CLK0_BUFG |
+-----------+-----------------+-------------------+------------+-------------+---------------+-------------+----------+----------------+----------+---------------------------------------------------------+
* Slice Loads column represents load cell count of all cell types other than IO, GT and clock resources
** IO Loads column represents load cell count of IO types
*** Clocking Loads column represents load cell count that are clock resources (global clock buffer, MMCM, PLL, etc)
**** GT Loads column represents load cell count of GT types


+----+------+----+
|    | X0   | X1 |
+----+------+----+
| Y1 |  125 |  0 |
| Y0 |  491 |  0 |
+----+------+----+


7. Device Cell Placement Summary for Global Clock g1
----------------------------------------------------

+-----------+-----------------+-------------------+------------+-------------+---------------+-------------+----------+----------------+----------+---------------------------------------------------------+
| Global Id | Driver Type/Pin | Driver Region (D) | Clock      | Period (ns) | Waveform (ns) | Slice Loads | IO Loads | Clocking Loads | GT Loads | Net                                                     |
+-----------+-----------------+-------------------+------------+-------------+---------------+-------------+----------+----------------+----------+---------------------------------------------------------+
| g1        | BUFG/O          | n/a               | clk_fpga_2 |      16.000 | {0.000 8.000} |         400 |        0 |              0 |        0 | system_wrapper_i/processing_system7/inst/FCLK_CLK2_BUFG |
+-----------+-----------------+-------------------+------------+-------------+---------------+-------------+----------+----------------+----------+---------------------------------------------------------+
* Slice Loads column represents load cell count of all cell types other than IO, GT and clock resources
** IO Loads column represents load cell count of IO types
*** Clocking Loads column represents load cell count that are clock resources (global clock buffer, MMCM, PLL, etc)
**** GT Loads column represents load cell count of GT types


+----+------+----+
|    | X0   | X1 |
+----+------+----+
| Y1 |   75 |  0 |
| Y0 |  325 |  0 |
+----+------+----+


8. Device Cell Placement Summary for Global Clock g2
----------------------------------------------------

+-----------+-----------------+-------------------+----------------+-------------+---------------+-------------+----------+----------------+----------+------------+
| Global Id | Driver Type/Pin | Driver Region (D) | Clock          | Period (ns) | Waveform (ns) | Slice Loads | IO Loads | Clocking Loads | GT Loads | Net        |
+-----------+-----------------+-------------------+----------------+-------------+---------------+-------------+----------+----------------+----------+------------+
| g2        | BUFG/O          | n/a               | pll_dac_clk_1x |       8.000 | {0.000 4.000} |          16 |        0 |              0 |        0 | dac_clk_1x |
+-----------+-----------------+-------------------+----------------+-------------+---------------+-------------+----------+----------------+----------+------------+
* Slice Loads column represents load cell count of all cell types other than IO, GT and clock resources
** IO Loads column represents load cell count of IO types
*** Clocking Loads column represents load cell count that are clock resources (global clock buffer, MMCM, PLL, etc)
**** GT Loads column represents load cell count of GT types


+----+----+-----+
|    | X0 | X1  |
+----+----+-----+
| Y1 |  0 |  16 |
| Y0 |  0 |   0 |
+----+----+-----+


9. Device Cell Placement Summary for Global Clock g3
----------------------------------------------------

+-----------+-----------------+-------------------+----------------+-------------+----------------+-------------+----------+----------------+----------+------------+
| Global Id | Driver Type/Pin | Driver Region (D) | Clock          | Period (ns) | Waveform (ns)  | Slice Loads | IO Loads | Clocking Loads | GT Loads | Net        |
+-----------+-----------------+-------------------+----------------+-------------+----------------+-------------+----------+----------------+----------+------------+
| g3        | BUFG/O          | n/a               | pll_dac_clk_2p |       4.000 | {-0.500 1.500} |           1 |        0 |              0 |        0 | dac_clk_2p |
+-----------+-----------------+-------------------+----------------+-------------+----------------+-------------+----------+----------------+----------+------------+
* Slice Loads column represents load cell count of all cell types other than IO, GT and clock resources
** IO Loads column represents load cell count of IO types
*** Clocking Loads column represents load cell count that are clock resources (global clock buffer, MMCM, PLL, etc)
**** GT Loads column represents load cell count of GT types


+----+----+----+
|    | X0 | X1 |
+----+----+----+
| Y1 |  0 |  1 |
| Y0 |  0 |  0 |
+----+----+----+


10. Device Cell Placement Summary for Global Clock g4
-----------------------------------------------------

+-----------+-----------------+-------------------+----------------+-------------+---------------+-------------+----------+----------------+----------+------------+
| Global Id | Driver Type/Pin | Driver Region (D) | Clock          | Period (ns) | Waveform (ns) | Slice Loads | IO Loads | Clocking Loads | GT Loads | Net        |
+-----------+-----------------+-------------------+----------------+-------------+---------------+-------------+----------+----------------+----------+------------+
| g4        | BUFG/O          | n/a               | pll_dac_clk_2x |       4.000 | {0.000 2.000} |           1 |        0 |              0 |        0 | dac_clk_2x |
+-----------+-----------------+-------------------+----------------+-------------+---------------+-------------+----------+----------------+----------+------------+
* Slice Loads column represents load cell count of all cell types other than IO, GT and clock resources
** IO Loads column represents load cell count of IO types
*** Clocking Loads column represents load cell count that are clock resources (global clock buffer, MMCM, PLL, etc)
**** GT Loads column represents load cell count of GT types


+----+----+----+
|    | X0 | X1 |
+----+----+----+
| Y1 |  0 |  1 |
| Y0 |  0 |  0 |
+----+----+----+


11. Clock Region Cell Placement per Global Clock: Region X0Y0
-------------------------------------------------------------

+-----------+-------+-----------------+------------+-------------+-----------------+-----+--------+------+-----+----+------+-----+---------+---------------------------------------------------------+
| Global Id | Track | Driver Type/Pin | Constraint | Clock Loads | Non-Clock Loads | FF  | LUTRAM | RAMB | DSP | GT | MMCM | PLL | Hard IP | Net                                                     |
+-----------+-------+-----------------+------------+-------------+-----------------+-----+--------+------+-----+----+------+-----+---------+---------------------------------------------------------+
| g0        | n/a   | BUFG/O          | None       |         491 |               0 | 472 |     19 |    0 |   0 |  0 |    0 |   0 |       0 | system_wrapper_i/processing_system7/inst/FCLK_CLK0_BUFG |
| g1        | n/a   | BUFG/O          | None       |         325 |               0 | 324 |      1 |    0 |   0 |  0 |    0 |   0 |       0 | system_wrapper_i/processing_system7/inst/FCLK_CLK2_BUFG |
+-----------+-------+-----------------+------------+-------------+-----------------+-----+--------+------+-----+----+------+-----+---------+---------------------------------------------------------+
* Clock Loads column represents the clock pin loads (pin count)
** Non-Clock Loads column represents the non-clock pin loads (pin count)
*** Columns FF, LUTRAM, RAMB through 'Hard IP' represents load cell counts


12. Clock Region Cell Placement per Global Clock: Region X0Y1
-------------------------------------------------------------

+-----------+-------+-----------------+------------+-------------+-----------------+-----+--------+------+-----+----+------+-----+---------+---------------------------------------------------------+
| Global Id | Track | Driver Type/Pin | Constraint | Clock Loads | Non-Clock Loads | FF  | LUTRAM | RAMB | DSP | GT | MMCM | PLL | Hard IP | Net                                                     |
+-----------+-------+-----------------+------------+-------------+-----------------+-----+--------+------+-----+----+------+-----+---------+---------------------------------------------------------+
| g0        | n/a   | BUFG/O          | None       |         125 |               0 | 112 |     12 |    0 |   0 |  0 |    0 |   0 |       0 | system_wrapper_i/processing_system7/inst/FCLK_CLK0_BUFG |
| g1        | n/a   | BUFG/O          | None       |          75 |               0 |  74 |      0 |    0 |   0 |  0 |    0 |   0 |       0 | system_wrapper_i/processing_system7/inst/FCLK_CLK2_BUFG |
+-----------+-------+-----------------+------------+-------------+-----------------+-----+--------+------+-----+----+------+-----+---------+---------------------------------------------------------+
* Clock Loads column represents the clock pin loads (pin count)
** Non-Clock Loads column represents the non-clock pin loads (pin count)
*** Columns FF, LUTRAM, RAMB through 'Hard IP' represents load cell counts


13. Clock Region Cell Placement per Global Clock: Region X1Y1
-------------------------------------------------------------

+-----------+-------+-----------------+------------+-------------+-----------------+----+--------+------+-----+----+------+-----+---------+------------+
| Global Id | Track | Driver Type/Pin | Constraint | Clock Loads | Non-Clock Loads | FF | LUTRAM | RAMB | DSP | GT | MMCM | PLL | Hard IP | Net        |
+-----------+-------+-----------------+------------+-------------+-----------------+----+--------+------+-----+----+------+-----+---------+------------+
| g2        | n/a   | BUFG/O          | None       |          16 |               0 |  0 |      0 |    0 |   0 |  0 |    0 |   0 |       0 | dac_clk_1x |
| g3        | n/a   | BUFG/O          | None       |           1 |               0 |  0 |      0 |    0 |   0 |  0 |    0 |   0 |       0 | dac_clk_2p |
| g4        | n/a   | BUFG/O          | None       |           1 |               0 |  0 |      0 |    0 |   0 |  0 |    0 |   0 |       0 | dac_clk_2x |
+-----------+-------+-----------------+------------+-------------+-----------------+----+--------+------+-----+----+------+-----+---------+------------+
* Clock Loads column represents the clock pin loads (pin count)
** Non-Clock Loads column represents the non-clock pin loads (pin count)
*** Columns FF, LUTRAM, RAMB through 'Hard IP' represents load cell counts



# Location of BUFG Primitives 
set_property LOC BUFGCTRL_X0Y1 [get_cells system_wrapper_i/processing_system7/inst/FCLK_CLK2_BUFG_inst]
set_property LOC BUFGCTRL_X0Y0 [get_cells system_wrapper_i/processing_system7/inst/FCLK_CLK0_BUFG_inst]
set_property LOC BUFGCTRL_X0Y4 [get_cells bufg_dac_clk_2x]
set_property LOC BUFGCTRL_X0Y3 [get_cells bufg_dac_clk_2p]
set_property LOC BUFGCTRL_X0Y2 [get_cells bufg_dac_clk_1x]

# Location of IO Primitives which is load of clock spine

# Location of clock ports
set_property LOC IOB_X0Y25 [get_ports adc_clk_i[0]]
set_property LOC IOB_X0Y26 [get_ports adc_clk_i[1]]

# Clock net "system_wrapper_i/processing_system7/inst/FCLK_CLK2_BUFG" driven by instance "system_wrapper_i/processing_system7/inst/FCLK_CLK2_BUFG_inst" located at site "BUFGCTRL_X0Y1"
#startgroup
create_pblock {CLKAG_system_wrapper_i/processing_system7/inst/FCLK_CLK2_BUFG}
add_cells_to_pblock [get_pblocks  {CLKAG_system_wrapper_i/processing_system7/inst/FCLK_CLK2_BUFG}] [get_cells -filter { PRIMITIVE_GROUP != I/O && IS_PRIMITIVE==1 && PRIMITIVE_LEVEL !=INTERNAL } -of_object [get_pins -filter {DIRECTION==IN} -of_objects [get_nets -hierarchical -filter {PARENT=="system_wrapper_i/processing_system7/inst/FCLK_CLK2_BUFG"}]]]
resize_pblock [get_pblocks {CLKAG_system_wrapper_i/processing_system7/inst/FCLK_CLK2_BUFG}] -add {CLOCKREGION_X0Y0:CLOCKREGION_X0Y0 CLOCKREGION_X0Y1:CLOCKREGION_X0Y1}
#endgroup

# Clock net "system_wrapper_i/processing_system7/inst/FCLK_CLK0_BUFG" driven by instance "system_wrapper_i/processing_system7/inst/FCLK_CLK0_BUFG_inst" located at site "BUFGCTRL_X0Y0"
#startgroup
create_pblock {CLKAG_system_wrapper_i/processing_system7/inst/FCLK_CLK0_BUFG}
add_cells_to_pblock [get_pblocks  {CLKAG_system_wrapper_i/processing_system7/inst/FCLK_CLK0_BUFG}] [get_cells -filter { PRIMITIVE_GROUP != I/O && IS_PRIMITIVE==1 && PRIMITIVE_LEVEL !=INTERNAL } -of_object [get_pins -filter {DIRECTION==IN} -of_objects [get_nets -hierarchical -filter {PARENT=="system_wrapper_i/processing_system7/inst/FCLK_CLK0_BUFG"}]]]
resize_pblock [get_pblocks {CLKAG_system_wrapper_i/processing_system7/inst/FCLK_CLK0_BUFG}] -add {CLOCKREGION_X0Y0:CLOCKREGION_X0Y0 CLOCKREGION_X0Y1:CLOCKREGION_X0Y1}
#endgroup

# Clock net "dac_clk_2x" driven by instance "bufg_dac_clk_2x" located at site "BUFGCTRL_X0Y4"
#startgroup
create_pblock {CLKAG_dac_clk_2x}
add_cells_to_pblock [get_pblocks  {CLKAG_dac_clk_2x}] [get_cells -filter { PRIMITIVE_GROUP != I/O && IS_PRIMITIVE==1 && PRIMITIVE_LEVEL !=INTERNAL } -of_object [get_pins -filter {DIRECTION==IN} -of_objects [get_nets -hierarchical -filter {PARENT=="dac_clk_2x"}]]]
resize_pblock [get_pblocks {CLKAG_dac_clk_2x}] -add {CLOCKREGION_X1Y1:CLOCKREGION_X1Y1}
#endgroup

# Clock net "dac_clk_2p" driven by instance "bufg_dac_clk_2p" located at site "BUFGCTRL_X0Y3"
#startgroup
create_pblock {CLKAG_dac_clk_2p}
add_cells_to_pblock [get_pblocks  {CLKAG_dac_clk_2p}] [get_cells -filter { PRIMITIVE_GROUP != I/O && IS_PRIMITIVE==1 && PRIMITIVE_LEVEL !=INTERNAL } -of_object [get_pins -filter {DIRECTION==IN} -of_objects [get_nets -hierarchical -filter {PARENT=="dac_clk_2p"}]]]
resize_pblock [get_pblocks {CLKAG_dac_clk_2p}] -add {CLOCKREGION_X1Y1:CLOCKREGION_X1Y1}
#endgroup

# Clock net "dac_clk_1x" driven by instance "bufg_dac_clk_1x" located at site "BUFGCTRL_X0Y2"
#startgroup
create_pblock {CLKAG_dac_clk_1x}
add_cells_to_pblock [get_pblocks  {CLKAG_dac_clk_1x}] [get_cells -filter { PRIMITIVE_GROUP != I/O && IS_PRIMITIVE==1 && PRIMITIVE_LEVEL !=INTERNAL } -of_object [get_pins -filter {DIRECTION==IN} -of_objects [get_nets -hierarchical -filter {PARENT=="dac_clk_1x"}]]]
resize_pblock [get_pblocks {CLKAG_dac_clk_1x}] -add {CLOCKREGION_X1Y1:CLOCKREGION_X1Y1}
#endgroup
