
*** Running vivado
    with args -log system_reg_ctrl_top_0_0.vds -m64 -product Vivado -mode batch -messageDb vivado.pb -notrace -source system_reg_ctrl_top_0_0.tcl


****** Vivado v2020.1 (64-bit)
  **** SW Build 2902540 on Wed May 27 19:54:35 MDT 2020
  **** IP Build 2902112 on Wed May 27 22:43:36 MDT 2020
    ** Copyright 1986-2020 Xilinx, Inc. All Rights Reserved.

source system_reg_ctrl_top_0_0.tcl -notrace
Command: synth_design -top system_reg_ctrl_top_0_0 -part xc7z010clg400-1 -mode out_of_context
Starting synth_design
WARNING: [IP_Flow 19-3571] IP 'system_reg_ctrl_top_0_0' is restricted:
* Module reference is stale and needs refreshing.
Attempting to get a license for feature 'Synthesis' and/or device 'xc7z010'
INFO: [Common 17-349] Got license for feature 'Synthesis' and/or device 'xc7z010'
INFO: [Device 21-403] Loading part xc7z010clg400-1
INFO: [Synth 8-7079] Multithreading enabled for synth_design using a maximum of 4 processes.
INFO: [Synth 8-7078] Launching helper process for spawning children vivado processes
INFO: [Synth 8-7075] Helper process launched with PID 63588
---------------------------------------------------------------------------------
Starting RTL Elaboration : Time (s): cpu = 00:00:03 ; elapsed = 00:00:11 . Memory (MB): peak = 2081.629 ; gain = 0.000 ; free physical = 146 ; free virtual = 6503
---------------------------------------------------------------------------------
INFO: [Synth 8-6157] synthesizing module 'system_reg_ctrl_top_0_0' [/home/martin/projects/RedPitaya_SiPM/fpga/project/redpitaya.srcs/sources_1/bd/system/ip/system_reg_ctrl_top_0_0/synth/system_reg_ctrl_top_0_0.v:58]
INFO: [Synth 8-6157] synthesizing module 'reg_ctrl_top' [/home/martin/projects/RedPitaya_SiPM/fpga/project/redpitaya.srcs/sources_1/new/reg_ctrl_top.sv:22]
	Parameter S_AXI_REG_ADDR_BITS bound to: 12 - type: integer 
	Parameter ADDR_WIDTH bound to: 14 - type: integer 
	Parameter DECIMATION_WIDTH bound to: 16 - type: integer 
	Parameter DEC_FACTOR_ADDR bound to: 8'b00000000 
	Parameter START_ACQ_ADDR bound to: 8'b00000100 
	Parameter DEST_ADDR bound to: 8'b00001000 
	Parameter BUFF_SIZE_ADDR bound to: 8'b00001100 
	Parameter FIFO_RD_CNT_ADDT bound to: 8'b00010000 
	Parameter FIFO_MIN_THRESH_ADDR bound to: 8'b00010100 
	Parameter FIFO_DOUT_ADDR_1 bound to: 8'b00011000 
	Parameter FIFO_DOUT_ADDR_2 bound to: 8'b00011100 
	Parameter CTRL_REG_ADDR bound to: 8'b00100000 
	Parameter SHIFT bound to: 1048576 - type: integer 
	Parameter DECIMATION_GEN_ADDR bound to: 1048576 - type: integer 
	Parameter START_GEN_ADDR bound to: 1048580 - type: integer 
	Parameter WAVEFORM_LEN_1_ADDR bound to: 1048584 - type: integer 
	Parameter WAVEFORM_LEN_2_ADDR bound to: 1048594 - type: integer 
	Parameter CTRL_REG_INTR_ADDR bound to: 0 - type: integer 
INFO: [Synth 8-638] synthesizing module 'reg_ctrl' [/home/martin/projects/RedPitaya_SiPM/fpga/project/redpitaya.srcs/sources_1/ip/reg_ctrl/synth/reg_ctrl.vhd:92]
	Parameter C_BRAM_INST_MODE bound to: EXTERNAL - type: string 
	Parameter C_MEMORY_DEPTH bound to: 1024 - type: integer 
	Parameter C_BRAM_ADDR_WIDTH bound to: 10 - type: integer 
	Parameter C_S_AXI_ADDR_WIDTH bound to: 12 - type: integer 
	Parameter C_S_AXI_DATA_WIDTH bound to: 32 - type: integer 
	Parameter C_S_AXI_ID_WIDTH bound to: 1 - type: integer 
	Parameter C_S_AXI_PROTOCOL bound to: AXI4LITE - type: string 
	Parameter C_S_AXI_SUPPORTS_NARROW_BURST bound to: 0 - type: integer 
	Parameter C_SINGLE_PORT_BRAM bound to: 1 - type: integer 
	Parameter C_FAMILY bound to: zynq - type: string 
	Parameter C_READ_LATENCY bound to: 1 - type: integer 
	Parameter C_RD_CMD_OPTIMIZATION bound to: 0 - type: integer 
	Parameter C_S_AXI_CTRL_ADDR_WIDTH bound to: 32 - type: integer 
	Parameter C_S_AXI_CTRL_DATA_WIDTH bound to: 32 - type: integer 
	Parameter C_ECC bound to: 0 - type: integer 
	Parameter C_ECC_TYPE bound to: 0 - type: integer 
	Parameter C_FAULT_INJECT bound to: 0 - type: integer 
	Parameter C_ECC_ONOFF_RESET_VALUE bound to: 0 - type: integer 
INFO: [Synth 8-3491] module 'axi_bram_ctrl' declared at '/home/martin/projects/RedPitaya_SiPM/fpga/project/redpitaya.srcs/sources_1/ip/reg_ctrl/hdl/axi_bram_ctrl_v4_1_rfs.vhd:31357' bound to instance 'U0' of component 'axi_bram_ctrl' [/home/martin/projects/RedPitaya_SiPM/fpga/project/redpitaya.srcs/sources_1/ip/reg_ctrl/synth/reg_ctrl.vhd:231]
INFO: [Synth 8-638] synthesizing module 'axi_bram_ctrl' [/home/martin/projects/RedPitaya_SiPM/fpga/project/redpitaya.srcs/sources_1/ip/reg_ctrl/hdl/axi_bram_ctrl_v4_1_rfs.vhd:31528]
	Parameter C_BRAM_INST_MODE bound to: EXTERNAL - type: string 
	Parameter C_MEMORY_DEPTH bound to: 1024 - type: integer 
	Parameter C_BRAM_ADDR_WIDTH bound to: 10 - type: integer 
	Parameter C_S_AXI_ADDR_WIDTH bound to: 12 - type: integer 
	Parameter C_S_AXI_DATA_WIDTH bound to: 32 - type: integer 
	Parameter C_S_AXI_ID_WIDTH bound to: 1 - type: integer 
	Parameter C_S_AXI_PROTOCOL bound to: AXI4LITE - type: string 
	Parameter C_S_AXI_SUPPORTS_NARROW_BURST bound to: 0 - type: integer 
	Parameter C_SINGLE_PORT_BRAM bound to: 1 - type: integer 
	Parameter C_FAMILY bound to: zynq - type: string 
	Parameter C_READ_LATENCY bound to: 1 - type: integer 
	Parameter C_RD_CMD_OPTIMIZATION bound to: 0 - type: integer 
	Parameter C_S_AXI_CTRL_ADDR_WIDTH bound to: 32 - type: integer 
	Parameter C_S_AXI_CTRL_DATA_WIDTH bound to: 32 - type: integer 
	Parameter C_ECC bound to: 0 - type: integer 
	Parameter C_ECC_TYPE bound to: 0 - type: integer 
	Parameter C_FAULT_INJECT bound to: 0 - type: integer 
	Parameter C_ECC_ONOFF_RESET_VALUE bound to: 0 - type: integer 
INFO: [Synth 8-638] synthesizing module 'axi_bram_ctrl_top' [/home/martin/projects/RedPitaya_SiPM/fpga/project/redpitaya.srcs/sources_1/ip/reg_ctrl/hdl/axi_bram_ctrl_v4_1_rfs.vhd:30527]
	Parameter C_BRAM_ADDR_WIDTH bound to: 10 - type: integer 
	Parameter C_S_AXI_ADDR_WIDTH bound to: 12 - type: integer 
	Parameter C_S_AXI_DATA_WIDTH bound to: 32 - type: integer 
	Parameter C_S_AXI_ID_WIDTH bound to: 1 - type: integer 
	Parameter C_S_AXI_PROTOCOL bound to: AXI4LITE - type: string 
	Parameter C_S_AXI_SUPPORTS_NARROW_BURST bound to: 0 - type: integer 
	Parameter C_SINGLE_PORT_BRAM bound to: 1 - type: integer 
	Parameter C_FAMILY bound to: zynq - type: string 
	Parameter C_S_AXI_CTRL_ADDR_WIDTH bound to: 32 - type: integer 
	Parameter C_S_AXI_CTRL_DATA_WIDTH bound to: 32 - type: integer 
	Parameter C_READ_LATENCY bound to: 1 - type: integer 
	Parameter C_RD_CMD_OPTIMIZATION bound to: 0 - type: integer 
	Parameter C_ECC bound to: 0 - type: integer 
	Parameter C_ECC_TYPE bound to: 0 - type: integer 
	Parameter C_FAULT_INJECT bound to: 0 - type: integer 
	Parameter C_ECC_ONOFF_RESET_VALUE bound to: 0 - type: integer 
INFO: [Synth 8-638] synthesizing module 'axi_lite' [/home/martin/projects/RedPitaya_SiPM/fpga/project/redpitaya.srcs/sources_1/ip/reg_ctrl/hdl/axi_bram_ctrl_v4_1_rfs.vhd:6841]
	Parameter C_S_AXI_PROTOCOL bound to: AXI4LITE - type: string 
	Parameter C_S_AXI_ADDR_WIDTH bound to: 12 - type: integer 
	Parameter C_S_AXI_DATA_WIDTH bound to: 32 - type: integer 
	Parameter C_SINGLE_PORT_BRAM bound to: 1 - type: integer 
	Parameter C_S_AXI_CTRL_ADDR_WIDTH bound to: 32 - type: integer 
	Parameter C_S_AXI_CTRL_DATA_WIDTH bound to: 32 - type: integer 
	Parameter C_READ_LATENCY bound to: 1 - type: integer 
	Parameter C_RD_CMD_OPTIMIZATION bound to: 0 - type: integer 
	Parameter C_ECC bound to: 0 - type: integer 
	Parameter C_ECC_TYPE bound to: 0 - type: integer 
	Parameter C_ECC_WIDTH bound to: 0 - type: integer 
	Parameter C_FAULT_INJECT bound to: 0 - type: integer 
	Parameter C_ECC_ONOFF_RESET_VALUE bound to: 0 - type: integer 
	Parameter C_ENABLE_AXI_CTRL_REG_IF bound to: 0 - type: integer 
	Parameter C_CE_FAILING_REGISTERS bound to: 0 - type: integer 
	Parameter C_UE_FAILING_REGISTERS bound to: 0 - type: integer 
	Parameter C_ECC_STATUS_REGISTERS bound to: 0 - type: integer 
	Parameter C_ECC_ONOFF_REGISTER bound to: 0 - type: integer 
	Parameter C_CE_COUNTER_WIDTH bound to: 0 - type: integer 
INFO: [Synth 8-256] done synthesizing module 'axi_lite' (1#1) [/home/martin/projects/RedPitaya_SiPM/fpga/project/redpitaya.srcs/sources_1/ip/reg_ctrl/hdl/axi_bram_ctrl_v4_1_rfs.vhd:6841]
INFO: [Synth 8-256] done synthesizing module 'axi_bram_ctrl_top' (2#1) [/home/martin/projects/RedPitaya_SiPM/fpga/project/redpitaya.srcs/sources_1/ip/reg_ctrl/hdl/axi_bram_ctrl_v4_1_rfs.vhd:30527]
INFO: [Synth 8-256] done synthesizing module 'axi_bram_ctrl' (3#1) [/home/martin/projects/RedPitaya_SiPM/fpga/project/redpitaya.srcs/sources_1/ip/reg_ctrl/hdl/axi_bram_ctrl_v4_1_rfs.vhd:31528]
INFO: [Synth 8-256] done synthesizing module 'reg_ctrl' (4#1) [/home/martin/projects/RedPitaya_SiPM/fpga/project/redpitaya.srcs/sources_1/ip/reg_ctrl/synth/reg_ctrl.vhd:92]
INFO: [Synth 8-6155] done synthesizing module 'reg_ctrl_top' (5#1) [/home/martin/projects/RedPitaya_SiPM/fpga/project/redpitaya.srcs/sources_1/new/reg_ctrl_top.sv:22]
INFO: [Synth 8-6155] done synthesizing module 'system_reg_ctrl_top_0_0' (6#1) [/home/martin/projects/RedPitaya_SiPM/fpga/project/redpitaya.srcs/sources_1/bd/system/ip/system_reg_ctrl_top_0_0/synth/system_reg_ctrl_top_0_0.v:58]
---------------------------------------------------------------------------------
Finished RTL Elaboration : Time (s): cpu = 00:00:05 ; elapsed = 00:00:14 . Memory (MB): peak = 2081.629 ; gain = 0.000 ; free physical = 2615 ; free virtual = 9052
---------------------------------------------------------------------------------
---------------------------------------------------------------------------------
Start Handling Custom Attributes
---------------------------------------------------------------------------------
---------------------------------------------------------------------------------
Finished Handling Custom Attributes : Time (s): cpu = 00:00:05 ; elapsed = 00:00:15 . Memory (MB): peak = 2081.629 ; gain = 0.000 ; free physical = 2625 ; free virtual = 9151
---------------------------------------------------------------------------------
---------------------------------------------------------------------------------
Finished RTL Optimization Phase 1 : Time (s): cpu = 00:00:05 ; elapsed = 00:00:15 . Memory (MB): peak = 2081.629 ; gain = 0.000 ; free physical = 2625 ; free virtual = 9151
---------------------------------------------------------------------------------
Netlist sorting complete. Time (s): cpu = 00:00:00.01 ; elapsed = 00:00:00.01 . Memory (MB): peak = 2081.629 ; gain = 0.000 ; free physical = 2609 ; free virtual = 9143
INFO: [Project 1-570] Preparing netlist for logic optimization

Processing XDC Constraints
Initializing timing engine
Parsing XDC File [/home/martin/projects/RedPitaya_SiPM/fpga/project/redpitaya.srcs/sources_1/bd/system/ip/system_reg_ctrl_top_0_0/system_reg_ctrl_top_0_0_ooc.xdc] for cell 'inst'
Finished Parsing XDC File [/home/martin/projects/RedPitaya_SiPM/fpga/project/redpitaya.srcs/sources_1/bd/system/ip/system_reg_ctrl_top_0_0/system_reg_ctrl_top_0_0_ooc.xdc] for cell 'inst'
Parsing XDC File [/home/martin/projects/RedPitaya_SiPM/fpga/project/redpitaya.runs/system_reg_ctrl_top_0_0_synth_1/dont_touch.xdc]
Finished Parsing XDC File [/home/martin/projects/RedPitaya_SiPM/fpga/project/redpitaya.runs/system_reg_ctrl_top_0_0_synth_1/dont_touch.xdc]
Completed Processing XDC Constraints

Netlist sorting complete. Time (s): cpu = 00:00:00 ; elapsed = 00:00:00 . Memory (MB): peak = 2157.480 ; gain = 0.000 ; free physical = 2284 ; free virtual = 8931
INFO: [Project 1-111] Unisim Transformation Summary:
No Unisim elements were transformed.

Constraint Validation Runtime : Time (s): cpu = 00:00:00.02 ; elapsed = 00:00:00.03 . Memory (MB): peak = 2157.480 ; gain = 0.000 ; free physical = 2283 ; free virtual = 8930
---------------------------------------------------------------------------------
Finished Constraint Validation : Time (s): cpu = 00:00:10 ; elapsed = 00:00:21 . Memory (MB): peak = 2157.480 ; gain = 75.852 ; free physical = 2197 ; free virtual = 9027
---------------------------------------------------------------------------------
---------------------------------------------------------------------------------
Start Loading Part and Timing Information
---------------------------------------------------------------------------------
Loading part: xc7z010clg400-1
---------------------------------------------------------------------------------
Finished Loading Part and Timing Information : Time (s): cpu = 00:00:10 ; elapsed = 00:00:21 . Memory (MB): peak = 2157.480 ; gain = 75.852 ; free physical = 2197 ; free virtual = 9027
---------------------------------------------------------------------------------
---------------------------------------------------------------------------------
Start Applying 'set_property' XDC Constraints
---------------------------------------------------------------------------------
Applied set_property DONT_TOUCH = true for inst. (constraint file  /home/martin/projects/RedPitaya_SiPM/fpga/project/redpitaya.runs/system_reg_ctrl_top_0_0_synth_1/dont_touch.xdc, line 12).
Applied set_property DONT_TOUCH = true for inst/U_reg_ctrl. (constraint file  auto generated constraint, line ).
---------------------------------------------------------------------------------
Finished applying 'set_property' XDC Constraints : Time (s): cpu = 00:00:10 ; elapsed = 00:00:21 . Memory (MB): peak = 2157.480 ; gain = 75.852 ; free physical = 2196 ; free virtual = 9027
---------------------------------------------------------------------------------
INFO: [Synth 8-802] inferred FSM for state register 'GEN_NO_RD_CMD_OPT.lite_sm_cs_reg' in module 'axi_lite'
---------------------------------------------------------------------------------------------------
                   State |                     New Encoding |                Previous Encoding 
---------------------------------------------------------------------------------------------------
                    idle |                           000001 |                              000
             sng_wr_data |                           100000 |                              011
                 rd_data |                           010000 |                              100
---------------------------------------------------------------------------------------------------
INFO: [Synth 8-3354] encoded FSM with state register 'GEN_NO_RD_CMD_OPT.lite_sm_cs_reg' using encoding 'one-hot' in module 'axi_lite'
---------------------------------------------------------------------------------
Finished RTL Optimization Phase 2 : Time (s): cpu = 00:00:10 ; elapsed = 00:00:22 . Memory (MB): peak = 2157.480 ; gain = 75.852 ; free physical = 2169 ; free virtual = 9004
---------------------------------------------------------------------------------
---------------------------------------------------------------------------------
Start RTL Component Statistics 
---------------------------------------------------------------------------------
Detailed RTL Component Info : 
+---Adders : 
	   2 Input    3 Bit       Adders := 1     
+---Registers : 
	               32 Bit    Registers := 5     
	               16 Bit    Registers := 1     
	               14 Bit    Registers := 1     
	                4 Bit    Registers := 1     
	                3 Bit    Registers := 1     
	                1 Bit    Registers := 10    
+---Muxes : 
	   2 Input   32 Bit        Muxes := 3     
	   9 Input   32 Bit        Muxes := 1     
	   3 Input    6 Bit        Muxes := 1     
	   2 Input    6 Bit        Muxes := 2     
	   2 Input    4 Bit        Muxes := 2     
	   3 Input    4 Bit        Muxes := 1     
	   9 Input    4 Bit        Muxes := 1     
	   2 Input    2 Bit        Muxes := 1     
	   2 Input    1 Bit        Muxes := 13    
	   3 Input    1 Bit        Muxes := 4     
---------------------------------------------------------------------------------
Finished RTL Component Statistics 
---------------------------------------------------------------------------------
---------------------------------------------------------------------------------
Start Part Resource Summary
---------------------------------------------------------------------------------
Part Resources:
DSPs: 80 (col length:40)
BRAMs: 120 (col length: RAMB18 40 RAMB36 20)
---------------------------------------------------------------------------------
Finished Part Resource Summary
---------------------------------------------------------------------------------
---------------------------------------------------------------------------------
Start Cross Boundary and Area Optimization
---------------------------------------------------------------------------------
---------------------------------------------------------------------------------
Finished Cross Boundary and Area Optimization : Time (s): cpu = 00:00:11 ; elapsed = 00:00:23 . Memory (MB): peak = 2157.480 ; gain = 75.852 ; free physical = 2062 ; free virtual = 8997
---------------------------------------------------------------------------------
---------------------------------------------------------------------------------
Start Applying XDC Timing Constraints
---------------------------------------------------------------------------------
---------------------------------------------------------------------------------
Finished Applying XDC Timing Constraints : Time (s): cpu = 00:00:16 ; elapsed = 00:00:30 . Memory (MB): peak = 2157.480 ; gain = 75.852 ; free physical = 1944 ; free virtual = 9308
---------------------------------------------------------------------------------
---------------------------------------------------------------------------------
Start Timing Optimization
---------------------------------------------------------------------------------
---------------------------------------------------------------------------------
Finished Timing Optimization : Time (s): cpu = 00:00:17 ; elapsed = 00:00:30 . Memory (MB): peak = 2157.480 ; gain = 75.852 ; free physical = 1885 ; free virtual = 9258
---------------------------------------------------------------------------------
---------------------------------------------------------------------------------
Start Technology Mapping
---------------------------------------------------------------------------------
---------------------------------------------------------------------------------
Finished Technology Mapping : Time (s): cpu = 00:00:17 ; elapsed = 00:00:30 . Memory (MB): peak = 2157.480 ; gain = 75.852 ; free physical = 1854 ; free virtual = 9240
---------------------------------------------------------------------------------
---------------------------------------------------------------------------------
Start IO Insertion
---------------------------------------------------------------------------------
---------------------------------------------------------------------------------
Start Flattening Before IO Insertion
---------------------------------------------------------------------------------
---------------------------------------------------------------------------------
Finished Flattening Before IO Insertion
---------------------------------------------------------------------------------
---------------------------------------------------------------------------------
Start Final Netlist Cleanup
---------------------------------------------------------------------------------
---------------------------------------------------------------------------------
Finished Final Netlist Cleanup
---------------------------------------------------------------------------------
---------------------------------------------------------------------------------
Finished IO Insertion : Time (s): cpu = 00:00:19 ; elapsed = 00:00:33 . Memory (MB): peak = 2157.480 ; gain = 75.852 ; free physical = 1566 ; free virtual = 8971
---------------------------------------------------------------------------------
---------------------------------------------------------------------------------
Start Renaming Generated Instances
---------------------------------------------------------------------------------
---------------------------------------------------------------------------------
Finished Renaming Generated Instances : Time (s): cpu = 00:00:19 ; elapsed = 00:00:33 . Memory (MB): peak = 2157.480 ; gain = 75.852 ; free physical = 1566 ; free virtual = 8971
---------------------------------------------------------------------------------
---------------------------------------------------------------------------------
Start Rebuilding User Hierarchy
---------------------------------------------------------------------------------
---------------------------------------------------------------------------------
Finished Rebuilding User Hierarchy : Time (s): cpu = 00:00:19 ; elapsed = 00:00:33 . Memory (MB): peak = 2157.480 ; gain = 75.852 ; free physical = 1566 ; free virtual = 8971
---------------------------------------------------------------------------------
---------------------------------------------------------------------------------
Start Renaming Generated Ports
---------------------------------------------------------------------------------
---------------------------------------------------------------------------------
Finished Renaming Generated Ports : Time (s): cpu = 00:00:19 ; elapsed = 00:00:33 . Memory (MB): peak = 2157.480 ; gain = 75.852 ; free physical = 1566 ; free virtual = 8971
---------------------------------------------------------------------------------
---------------------------------------------------------------------------------
Start Handling Custom Attributes
---------------------------------------------------------------------------------
---------------------------------------------------------------------------------
Finished Handling Custom Attributes : Time (s): cpu = 00:00:19 ; elapsed = 00:00:33 . Memory (MB): peak = 2157.480 ; gain = 75.852 ; free physical = 1566 ; free virtual = 8971
---------------------------------------------------------------------------------
---------------------------------------------------------------------------------
Start Renaming Generated Nets
---------------------------------------------------------------------------------
---------------------------------------------------------------------------------
Finished Renaming Generated Nets : Time (s): cpu = 00:00:19 ; elapsed = 00:00:33 . Memory (MB): peak = 2157.480 ; gain = 75.852 ; free physical = 1566 ; free virtual = 8971
---------------------------------------------------------------------------------
---------------------------------------------------------------------------------
Start Writing Synthesis Report
---------------------------------------------------------------------------------

Report BlackBoxes: 
+-+--------------+----------+
| |BlackBox name |Instances |
+-+--------------+----------+
+-+--------------+----------+

Report Cell Usage: 
+------+------+------+
|      |Cell  |Count |
+------+------+------+
|1     |LUT1  |     2|
|2     |LUT2  |     2|
|3     |LUT3  |     9|
|4     |LUT4  |     3|
|5     |LUT5  |    15|
|6     |LUT6  |    85|
|7     |MUXF7 |     4|
|8     |FDRE  |   172|
|9     |FDSE  |     5|
+------+------+------+
---------------------------------------------------------------------------------
Finished Writing Synthesis Report : Time (s): cpu = 00:00:19 ; elapsed = 00:00:33 . Memory (MB): peak = 2157.480 ; gain = 75.852 ; free physical = 1566 ; free virtual = 8971
---------------------------------------------------------------------------------
Synthesis finished with 0 errors, 0 critical warnings and 0 warnings.
Synthesis Optimization Runtime : Time (s): cpu = 00:00:18 ; elapsed = 00:00:31 . Memory (MB): peak = 2157.480 ; gain = 0.000 ; free physical = 1610 ; free virtual = 9026
Synthesis Optimization Complete : Time (s): cpu = 00:00:19 ; elapsed = 00:00:33 . Memory (MB): peak = 2157.488 ; gain = 75.852 ; free physical = 1610 ; free virtual = 9026
INFO: [Project 1-571] Translating synthesized netlist
Netlist sorting complete. Time (s): cpu = 00:00:00 ; elapsed = 00:00:00.01 . Memory (MB): peak = 2157.488 ; gain = 0.000 ; free physical = 1655 ; free virtual = 9121
INFO: [Netlist 29-17] Analyzing 4 Unisim elements for replacement
INFO: [Netlist 29-28] Unisim Transformation completed in 0 CPU seconds
INFO: [Project 1-570] Preparing netlist for logic optimization
INFO: [Opt 31-138] Pushed 0 inverter(s) to 0 load pin(s).
Netlist sorting complete. Time (s): cpu = 00:00:00 ; elapsed = 00:00:00 . Memory (MB): peak = 2157.488 ; gain = 0.000 ; free physical = 1362 ; free virtual = 8915
INFO: [Project 1-111] Unisim Transformation Summary:
No Unisim elements were transformed.

INFO: [Common 17-83] Releasing license: Synthesis
29 Infos, 1 Warnings, 0 Critical Warnings and 0 Errors encountered.
synth_design completed successfully
synth_design: Time (s): cpu = 00:00:28 ; elapsed = 00:00:41 . Memory (MB): peak = 2157.488 ; gain = 75.859 ; free physical = 1199 ; free virtual = 8806
INFO: [Common 17-1381] The checkpoint '/home/martin/projects/RedPitaya_SiPM/fpga/project/redpitaya.runs/system_reg_ctrl_top_0_0_synth_1/system_reg_ctrl_top_0_0.dcp' has been generated.
WARNING: [Common 17-576] 'use_project_ipc' is deprecated. This option is deprecated and no longer used.
INFO: [Coretcl 2-1174] Renamed 5 cell refs.
INFO: [Common 17-1381] The checkpoint '/home/martin/projects/RedPitaya_SiPM/fpga/project/redpitaya.runs/system_reg_ctrl_top_0_0_synth_1/system_reg_ctrl_top_0_0.dcp' has been generated.
INFO: [runtcl-4] Executing : report_utilization -file system_reg_ctrl_top_0_0_utilization_synth.rpt -pb system_reg_ctrl_top_0_0_utilization_synth.pb
INFO: [Common 17-206] Exiting Vivado at Thu Feb 27 15:08:00 2025...
