Copyright 1986-2020 Xilinx, Inc. All Rights Reserved.
-------------------------------------------------------------------------------------------
| Tool Version : Vivado v.2020.1 (lin64) Build 2902540 Wed May 27 19:54:35 MDT 2020
| Date         : Thu Feb 27 15:26:49 2025
| Host         : martin-desktop running 64-bit ArcoLinux
| Command      : report_control_sets -verbose -file red_pitaya_top_control_sets_placed.rpt
| Design       : red_pitaya_top
| Device       : xc7z010
-------------------------------------------------------------------------------------------

Control Set Information

Table of Contents
-----------------
1. Summary
2. Histogram
3. Flip-Flop Distribution
4. Detailed Control Set Information

1. Summary
----------

+----------------------------------------------------------+-------+
|                          Status                          | Count |
+----------------------------------------------------------+-------+
| Total control sets                                       |    79 |
|    Minimum number of control sets                        |    79 |
|    Addition due to synthesis replication                 |     0 |
|    Addition due to physical synthesis replication        |     0 |
| Unused register locations in slices containing registers |   212 |
+----------------------------------------------------------+-------+
* Control sets can be merged at opt_design using control_set_merge or merge_equivalent_drivers
** Run report_qor_suggestions for automated merging and remapping suggestions


2. Histogram
------------

+--------------------+-------+
|       Fanout       | Count |
+--------------------+-------+
| Total control sets |    79 |
| >= 0 to < 4        |     8 |
| >= 4 to < 6        |    11 |
| >= 6 to < 8        |     3 |
| >= 8 to < 10       |     8 |
| >= 10 to < 12      |     3 |
| >= 12 to < 14      |     4 |
| >= 14 to < 16      |     6 |
| >= 16              |    36 |
+--------------------+-------+
* Control sets can be remapped at either synth_design or opt_design


3. Flip-Flop Distribution
-------------------------

+--------------+-----------------------+------------------------+-----------------+--------------+
| Clock Enable | Synchronous Set/Reset | Asynchronous Set/Reset | Total Registers | Total Slices |
+--------------+-----------------------+------------------------+-----------------+--------------+
| No           | No                    | No                     |             319 |           95 |
| No           | No                    | Yes                    |               0 |            0 |
| No           | Yes                   | No                     |             181 |           72 |
| Yes          | No                    | No                     |             853 |          205 |
| Yes          | No                    | Yes                    |               0 |            0 |
| Yes          | Yes                   | No                     |             267 |           74 |
+--------------+-----------------------+------------------------+-----------------+--------------+


4. Detailed Control Set Information
-----------------------------------

+-------------------------------------------+---------------------------------------------------------------------------------------------------------------------------------------------------------------------------------------+-----------------------------------------------------------------------------------------------------------------------------------------------------------------------------------------------------------+------------------+----------------+--------------+
|                Clock Signal               |                                                                                     Enable Signal                                                                                     |                                                                                              Set/Reset Signal                                                                                             | Slice Load Count | Bel Load Count | Bels / Slice |
+-------------------------------------------+---------------------------------------------------------------------------------------------------------------------------------------------------------------------------------------+-----------------------------------------------------------------------------------------------------------------------------------------------------------------------------------------------------------+------------------+----------------+--------------+
|  system_wrapper_i/clk_wiz_0/inst/clk_125  | system_wrapper_i/waveform_top_0/inst/axi_bram_ctrl_inst/U0/gext_inst.abcv4_0_ext_inst/GEN_AXI4.I_FULL_AXI/I_WR_CHNL/GEN_WRDATA[31].bram_wrdata_int[31]_i_1_n_0                        | system_wrapper_i/waveform_top_0/inst/axi_bram_ctrl_inst/U0/gext_inst.abcv4_0_ext_inst/GEN_AXI4.I_FULL_AXI/I_WR_CHNL/GEN_WR_NO_ECC.bram_we_int[3]_i_1_n_0                                                  |                1 |              1 |         1.00 |
|  system_wrapper_i/clk_wiz_0/inst/clk_125  | system_wrapper_i/waveform_top_0/inst/axi_bram_ctrl_inst/U0/gext_inst.abcv4_0_ext_inst/GEN_AXI4.I_FULL_AXI/GEN_ARB.I_SNG_PORT/ar_active_re                                             | system_wrapper_i/waveform_top_0/inst/axi_bram_ctrl_inst/U0/gext_inst.abcv4_0_ext_inst/GEN_AXI4.I_FULL_AXI/I_RD_CHNL/GEN_NO_RD_CMD_OPT.I_WRAP_BRST/S_AXI_ARESETN                                           |                1 |              1 |         1.00 |
|  system_wrapper_i/clk_wiz_0/inst/clk_125  | system_wrapper_i/axi_interconnect_1/s00_couplers/auto_pc/inst/gen_axilite.gen_b2s_conv.axilite_b2s/WR.b_channel_0/bid_fifo_0/bresp_push                                               |                                                                                                                                                                                                           |                1 |              2 |         2.00 |
|  system_wrapper_i/clk_wiz_0/inst/clk_125  | system_wrapper_i/waveform_top_0/inst/axi_bram_ctrl_inst/U0/gext_inst.abcv4_0_ext_inst/GEN_AXI4.I_FULL_AXI/I_RD_CHNL/GEN_NO_RD_CMD_OPT.I_WRAP_BRST/E[1]                                | system_wrapper_i/waveform_top_0/inst/axi_bram_ctrl_inst/U0/gext_inst.abcv4_0_ext_inst/GEN_AXI4.I_FULL_AXI/I_WR_CHNL/I_WRAP_BRST/FSM_onehot_GEN_WDATA_SM_NO_ECC_SNG_REG_WREADY.wr_data_sng_sm_cs_reg[2][0] |                1 |              2 |         2.00 |
|  system_wrapper_i/clk_wiz_0/inst/clk_125  |                                                                                                                                                                                       | system_wrapper_i/axi_interconnect_1/s00_couplers/auto_pc/inst/gen_axilite.gen_b2s_conv.axilite_b2s/SI_REG/aw.aw_pipe/aresetn_d_reg[1]_inv_0                                                               |                1 |              2 |         2.00 |
|  system_wrapper_i/clk_wiz_0/inst/clk_125  |                                                                                                                                                                                       | system_wrapper_i/axi_interconnect_1/s00_couplers/auto_pc/inst/gen_axilite.gen_b2s_conv.axilite_b2s/SI_REG/aw.aw_pipe/aresetn_d_reg[0]_0                                                                   |                1 |              2 |         2.00 |
|  system_wrapper_i/clk_wiz_0/inst/clk_125  | system_wrapper_i/axi_interconnect_0/s00_couplers/auto_pc/inst/gen_axilite.gen_b2s_conv.axilite_b2s/WR.b_channel_0/bid_fifo_0/bresp_push                                               |                                                                                                                                                                                                           |                1 |              2 |         2.00 |
|  system_wrapper_i/clk_wiz_0/inst/clk_125  |                                                                                                                                                                                       | system_wrapper_i/AXI_HP_top_0/inst/axi_control/FIFO/U0/inst_fifo_gen/gconvfifo.rf/grf.rf/rstblk/ngwrdrst.grst.g7serrst.gsckt_wrst.gic_rst.sckt_wr_rst_ic_reg_0                                            |                2 |              3 |         1.50 |
|  system_wrapper_i/clk_wiz_0/inst/clk_125  | system_wrapper_i/waveform_top_0/inst/axi_bram_ctrl_inst/U0/gext_inst.abcv4_0_ext_inst/GEN_AXI4.I_FULL_AXI/I_RD_CHNL/FSM_sequential_GEN_NO_RD_CMD_OPT.rd_data_sm_cs[3]_i_1_n_0         | system_wrapper_i/waveform_top_0/inst/axi_bram_ctrl_inst/U0/gext_inst.abcv4_0_ext_inst/GEN_AXI4.I_FULL_AXI/I_RD_CHNL/GEN_NO_RD_CMD_OPT.I_WRAP_BRST/S_AXI_ARESETN                                           |                2 |              4 |         2.00 |
|  system_wrapper_i/clk_wiz_0/inst/clk_125  | system_wrapper_i/AXI_HP_top_0/inst/U_axi_s2mm/E[0]                                                                                                                                    | system_wrapper_i/AXI_HP_top_0/inst/axi_control/cnt[3]_i_1_n_0                                                                                                                                             |                2 |              4 |         2.00 |
|  system_wrapper_i/clk_wiz_0/inst/clk_125  |                                                                                                                                                                                       | system_wrapper_i/axi_interconnect_0/s00_couplers/auto_pc/inst/gen_axilite.gen_b2s_conv.axilite_b2s/SI_REG/aw.aw_pipe/aresetn_d_reg[0]_0                                                                   |                3 |              4 |         1.33 |
|  system_wrapper_i/clk_wiz_0/inst/clk_125  |                                                                                                                                                                                       | system_wrapper_i/axi_interconnect_0/s00_couplers/auto_pc/inst/gen_axilite.gen_b2s_conv.axilite_b2s/SI_REG/ar.ar_pipe/aresetn_d_reg[1]_inv_0                                                               |                3 |              4 |         1.33 |
|  system_wrapper_i/clk_wiz_0/inst/clk_125  | system_wrapper_i/reg_ctrl_top_0/inst/fifo_min_thresh0                                                                                                                                 | system_wrapper_i/reg_ctrl_top_0/inst/p_0_in                                                                                                                                                               |                2 |              4 |         2.00 |
|  system_wrapper_i/clk_wiz_0/inst/clk_62_5 |                                                                                                                                                                                       | system_wrapper_i/proc_sys_reset/U0/EXT_LPF/lpf_int                                                                                                                                                        |                2 |              4 |         2.00 |
|  system_wrapper_i/clk_wiz_0/inst/clk_62_5 |                                                                                                                                                                                       | system_wrapper_i/axi_interconnect_1/s00_couplers/auto_cc/inst/gen_clock_conv.gen_sync_conv.gen_conv_write_ch.aw_sync_clock_converter/gen_sync_clock_converter.s_areset_r                                  |                2 |              5 |         2.50 |
|  system_wrapper_i/clk_wiz_0/inst/clk_62_5 |                                                                                                                                                                                       | system_wrapper_i/axi_interconnect_0/s00_couplers/auto_cc/inst/gen_clock_conv.gen_sync_conv.gen_conv_write_ch.aw_sync_clock_converter/gen_sync_clock_converter.s_areset_r                                  |                2 |              5 |         2.50 |
|  system_wrapper_i/clk_wiz_0/inst/clk_125  | system_wrapper_i/axi_interconnect_0/s00_couplers/auto_pc/inst/gen_axilite.gen_b2s_conv.axilite_b2s/RD.r_channel_0/rd_data_fifo_0/cnt_read[4]_i_1_n_0                                  | system_wrapper_i/axi_interconnect_0/s00_couplers/auto_pc/inst/gen_axilite.gen_b2s_conv.axilite_b2s/areset_d1                                                                                              |                3 |              5 |         1.67 |
|  system_wrapper_i/clk_wiz_0/inst/clk_125  | system_wrapper_i/axi_interconnect_0/s00_couplers/auto_pc/inst/gen_axilite.gen_b2s_conv.axilite_b2s/RD.r_channel_0/transaction_fifo_0/cnt_read[4]_i_1__0_n_0                           | system_wrapper_i/axi_interconnect_0/s00_couplers/auto_pc/inst/gen_axilite.gen_b2s_conv.axilite_b2s/areset_d1                                                                                              |                2 |              5 |         2.50 |
|  system_wrapper_i/clk_wiz_0/inst/clk_125  | system_wrapper_i/axi_interconnect_1/s00_couplers/auto_pc/inst/gen_axilite.gen_b2s_conv.axilite_b2s/WR.aw_channel_0/aw_cmd_fsm_0/m_valid_i_reg_0                                       | system_wrapper_i/axi_interconnect_1/s00_couplers/auto_pc/inst/gen_axilite.gen_b2s_conv.axilite_b2s/WR.aw_channel_0/aw_cmd_fsm_0/m_valid_i_reg                                                             |                2 |              5 |         2.50 |
|  system_wrapper_i/clk_wiz_0/inst/clk_125  |                                                                                                                                                                                       | system_wrapper_i/reg_ctrl_top_0/inst/U_reg_ctrl/U0/gext_inst.abcv4_0_ext_inst/GEN_AXI4LITE.I_AXI_LITE/s_axi_reg_aresetn                                                                                   |                2 |              6 |         3.00 |
|  system_wrapper_i/clk_wiz_0/inst/clk_62_5 | system_wrapper_i/proc_sys_reset/U0/SEQ/seq_cnt_en                                                                                                                                     | system_wrapper_i/proc_sys_reset/U0/SEQ/SEQ_COUNTER/clear                                                                                                                                                  |                1 |              6 |         6.00 |
|  system_wrapper_i/clk_wiz_0/inst/clk_125  |                                                                                                                                                                                       | system_wrapper_i/AXI_HP_top_0/inst/axi_control/FIFO/U0/inst_fifo_gen/gconvfifo.rf/grf.rf/gntv_or_sync_fifo.gl0.rd/gr1.gr1_int.rfwft/rd_dc_i[0]                                                            |                1 |              6 |         6.00 |
|  system_wrapper_i/clk_wiz_0/inst/clk_125  | system_wrapper_i/waveform_top_0/inst/axi_bram_ctrl_inst/U0/gext_inst.abcv4_0_ext_inst/GEN_AXI4.I_FULL_AXI/I_RD_CHNL/GEN_NO_RD_CMD_OPT.brst_cnt[7]_i_1_n_0                             | system_wrapper_i/waveform_top_0/inst/axi_bram_ctrl_inst/U0/gext_inst.abcv4_0_ext_inst/GEN_AXI4.I_FULL_AXI/I_RD_CHNL/GEN_NO_RD_CMD_OPT.I_WRAP_BRST/S_AXI_ARESETN                                           |                3 |              8 |         2.67 |
|  system_wrapper_i/clk_wiz_0/inst/clk_125  | system_wrapper_i/axi_interconnect_1/s00_couplers/auto_pc/inst/gen_axilite.gen_b2s_conv.axilite_b2s/WR.b_channel_0/mhandshake_r                                                        | system_wrapper_i/axi_interconnect_1/s00_couplers/auto_pc/inst/gen_axilite.gen_b2s_conv.axilite_b2s/WR.b_channel_0/bid_fifo_0/SR[0]                                                                        |                2 |              8 |         4.00 |
|  system_wrapper_i/clk_wiz_0/inst/clk_125  | system_wrapper_i/axi_interconnect_0/s00_couplers/auto_pc/inst/gen_axilite.gen_b2s_conv.axilite_b2s/RD.ar_channel_0/ar_cmd_fsm_0/sel_first_reg[0]                                      |                                                                                                                                                                                                           |                3 |              8 |         2.67 |
|  system_wrapper_i/clk_wiz_0/inst/clk_125  | system_wrapper_i/axi_interconnect_0/s00_couplers/auto_pc/inst/gen_axilite.gen_b2s_conv.axilite_b2s/WR.aw_channel_0/aw_cmd_fsm_0/FSM_sequential_state_reg[1]_0[0]                      |                                                                                                                                                                                                           |                3 |              8 |         2.67 |
|  system_wrapper_i/clk_wiz_0/inst/clk_125  | system_wrapper_i/axi_interconnect_0/s00_couplers/auto_pc/inst/gen_axilite.gen_b2s_conv.axilite_b2s/RD.ar_channel_0/ar_cmd_fsm_0/E[0]                                                  |                                                                                                                                                                                                           |                4 |              8 |         2.00 |
|  system_wrapper_i/clk_wiz_0/inst/clk_125  | system_wrapper_i/axi_interconnect_0/s00_couplers/auto_pc/inst/gen_axilite.gen_b2s_conv.axilite_b2s/WR.aw_channel_0/cmd_translator_0/incr_cmd_0/axaddr_incr[11]_i_1_n_0                |                                                                                                                                                                                                           |                2 |              8 |         4.00 |
|  system_wrapper_i/clk_wiz_0/inst/clk_125  | system_wrapper_i/axi_interconnect_0/s00_couplers/auto_pc/inst/gen_axilite.gen_b2s_conv.axilite_b2s/WR.b_channel_0/mhandshake_r                                                        | system_wrapper_i/axi_interconnect_0/s00_couplers/auto_pc/inst/gen_axilite.gen_b2s_conv.axilite_b2s/WR.b_channel_0/bid_fifo_0/SR[0]                                                                        |                3 |              8 |         2.67 |
|  system_wrapper_i/clk_wiz_0/inst/clk_125  |                                                                                                                                                                                       | system_wrapper_i/axi_interconnect_1/s00_couplers/auto_pc/inst/gen_axilite.gen_b2s_conv.axilite_b2s/areset_d1                                                                                              |                3 |              8 |         2.67 |
|  system_wrapper_i/clk_wiz_0/inst/clk_125  |                                                                                                                                                                                       | system_wrapper_i/axi_interconnect_0/s00_couplers/auto_pc/inst/gen_axilite.gen_b2s_conv.axilite_b2s/areset_d1                                                                                              |                5 |             10 |         2.00 |
|  system_wrapper_i/clk_wiz_0/inst/clk_125  | system_wrapper_i/waveform_top_0/inst/axi_bram_ctrl_inst/U0/gext_inst.abcv4_0_ext_inst/GEN_AXI4.I_FULL_AXI/I_RD_CHNL/GEN_NO_RD_CMD_OPT.I_WRAP_BRST/E[0]                                | system_wrapper_i/waveform_top_0/inst/axi_bram_ctrl_inst/U0/gext_inst.abcv4_0_ext_inst/GEN_AXI4.I_FULL_AXI/I_WR_CHNL/I_WRAP_BRST/FSM_onehot_GEN_WDATA_SM_NO_ECC_SNG_REG_WREADY.wr_data_sng_sm_cs_reg[2][0] |                6 |             10 |         1.67 |
|  system_wrapper_i/clk_wiz_0/inst/clk_125  |                                                                                                                                                                                       | system_wrapper_i/AXI_HP_top_0/inst/axi_control/FIFO/U0/inst_fifo_gen/gconvfifo.rf/grf.rf/rstblk/SR[0]                                                                                                     |                4 |             11 |         2.75 |
|  system_wrapper_i/clk_wiz_0/inst/clk_125  | system_wrapper_i/axi_interconnect_1/s00_couplers/auto_pc/inst/gen_axilite.gen_b2s_conv.axilite_b2s/WR.aw_channel_0/aw_cmd_fsm_0/FSM_sequential_state_reg[1]_0[0]                      |                                                                                                                                                                                                           |                5 |             12 |         2.40 |
|  system_wrapper_i/clk_wiz_0/inst/clk_125  | system_wrapper_i/axi_interconnect_1/s00_couplers/auto_pc/inst/gen_axilite.gen_b2s_conv.axilite_b2s/WR.aw_channel_0/cmd_translator_0/incr_cmd_0/axaddr_incr[11]_i_1_n_0                |                                                                                                                                                                                                           |                2 |             12 |         6.00 |
|  system_wrapper_i/clk_wiz_0/inst/clk_125  | system_wrapper_i/AXI_HP_top_0/inst/axi_control/FIFO/U0/inst_fifo_gen/gconvfifo.rf/grf.rf/gntv_or_sync_fifo.gl0.rd/gr1.gr1_int.rfwft/ram_empty_fb_i_reg[0]                             | system_wrapper_i/AXI_HP_top_0/inst/axi_control/FIFO/U0/inst_fifo_gen/gconvfifo.rf/grf.rf/rstblk/SR[0]                                                                                                     |                2 |             12 |         6.00 |
|  system_wrapper_i/clk_wiz_0/inst/clk_125  | system_wrapper_i/axi_interconnect_0/s00_couplers/auto_pc/inst/gen_axilite.gen_b2s_conv.axilite_b2s/RD.r_channel_0/r_push_r                                                            |                                                                                                                                                                                                           |                4 |             13 |         3.25 |
|  system_wrapper_i/clk_wiz_0/inst/clk_62_5 | system_wrapper_i/axi_interconnect_1/s00_couplers/auto_cc/inst/gen_clock_conv.gen_sync_conv.gen_conv_write_ch.b_sync_clock_converter/gen_sync_clock_converter.load_tpayload            |                                                                                                                                                                                                           |                3 |             14 |         4.67 |
|  system_wrapper_i/clk_wiz_0/inst/clk_125  | system_wrapper_i/axi_interconnect_0/s00_couplers/auto_pc/inst/gen_axilite.gen_b2s_conv.axilite_b2s/SI_REG/b.b_pipe/s_ready_i_reg_0                                                    |                                                                                                                                                                                                           |                2 |             14 |         7.00 |
|  system_wrapper_i/clk_wiz_0/inst/clk_125  | system_wrapper_i/axi_interconnect_1/s00_couplers/auto_pc/inst/gen_axilite.gen_b2s_conv.axilite_b2s/SI_REG/b.b_pipe/s_ready_i_reg_0                                                    |                                                                                                                                                                                                           |                3 |             14 |         4.67 |
|  system_wrapper_i/clk_wiz_0/inst/clk_125  | system_wrapper_i/axi_interconnect_1/s00_couplers/auto_pc/inst/gen_axilite.gen_b2s_conv.axilite_b2s/SI_REG/b.b_pipe/p_1_in                                                             |                                                                                                                                                                                                           |                3 |             14 |         4.67 |
|  system_wrapper_i/clk_wiz_0/inst/clk_62_5 | system_wrapper_i/axi_interconnect_0/s00_couplers/auto_cc/inst/gen_clock_conv.gen_sync_conv.gen_conv_write_ch.b_sync_clock_converter/gen_sync_clock_converter.load_tpayload            |                                                                                                                                                                                                           |                3 |             14 |         4.67 |
|  system_wrapper_i/clk_wiz_0/inst/clk_125  | system_wrapper_i/axi_interconnect_0/s00_couplers/auto_pc/inst/gen_axilite.gen_b2s_conv.axilite_b2s/SI_REG/b.b_pipe/p_1_in                                                             |                                                                                                                                                                                                           |                2 |             14 |         7.00 |
|  system_wrapper_i/clk_wiz_0/inst/clk_125  | system_wrapper_i/axi_interconnect_1/s00_couplers/auto_pc/inst/gen_axilite.gen_b2s_conv.axilite_b2s/WR.aw_channel_0/aw_cmd_fsm_0/b_push                                                |                                                                                                                                                                                                           |                3 |             16 |         5.33 |
|  system_wrapper_i/clk_wiz_0/inst/clk_125  |                                                                                                                                                                                       | system_wrapper_i/AXI_HP_top_0/inst/axi_control/selector[2]                                                                                                                                                |                5 |             16 |         3.20 |
|  system_wrapper_i/clk_wiz_0/inst/clk_125  | system_wrapper_i/axi_interconnect_0/s00_couplers/auto_pc/inst/gen_axilite.gen_b2s_conv.axilite_b2s/WR.b_channel_0/bid_fifo_0/sel                                                      |                                                                                                                                                                                                           |                3 |             16 |         5.33 |
|  system_wrapper_i/clk_wiz_0/inst/clk_125  | system_wrapper_i/axi_interconnect_0/s00_couplers/auto_pc/inst/gen_axilite.gen_b2s_conv.axilite_b2s/WR.aw_channel_0/aw_cmd_fsm_0/E[0]                                                  |                                                                                                                                                                                                           |                8 |             20 |         2.50 |
|  system_wrapper_i/clk_wiz_0/inst/clk_125  | system_wrapper_i/axi_interconnect_0/s00_couplers/auto_pc/inst/gen_axilite.gen_b2s_conv.axilite_b2s/RD.ar_channel_0/ar_cmd_fsm_0/m_valid_i_reg[0]                                      |                                                                                                                                                                                                           |                7 |             20 |         2.86 |
|  system_wrapper_i/clk_wiz_0/inst/clk_125  | system_wrapper_i/axi_interconnect_1/s00_couplers/auto_pc/inst/gen_axilite.gen_b2s_conv.axilite_b2s/WR.aw_channel_0/aw_cmd_fsm_0/m_valid_i_reg_0                                       |                                                                                                                                                                                                           |                8 |             21 |         2.62 |
|  system_wrapper_i/clk_wiz_0/inst/clk_125  | system_wrapper_i/AXI_HP_top_0/inst/axi_control/FIFO/U0/inst_fifo_gen/gconvfifo.rf/grf.rf/gntv_or_sync_fifo.gl0.wr/gwas.wsts/E[0]                                                      | system_wrapper_i/AXI_HP_top_0/inst/axi_control/FIFO/U0/inst_fifo_gen/gconvfifo.rf/grf.rf/rstblk/ngwrdrst.grst.g7serrst.gsckt_wrst.gic_rst.sckt_wr_rst_ic_reg_0                                            |                5 |             24 |         4.80 |
|  system_wrapper_i/clk_wiz_0/inst/clk_125  | system_wrapper_i/axi_interconnect_0/s00_couplers/auto_pc/inst/gen_axilite.gen_b2s_conv.axilite_b2s/WR.b_channel_0/bid_fifo_0/E[0]                                                     |                                                                                                                                                                                                           |                6 |             28 |         4.67 |
|  system_wrapper_i/clk_wiz_0/inst/clk_62_5 | system_wrapper_i/axi_interconnect_0/s00_couplers/auto_cc/inst/gen_clock_conv.gen_sync_conv.gen_conv_write_ch.aw_sync_clock_converter/gen_sync_clock_converter.load_tpayload           |                                                                                                                                                                                                           |                6 |             28 |         4.67 |
|  system_wrapper_i/clk_wiz_0/inst/clk_62_5 | system_wrapper_i/axi_interconnect_0/s00_couplers/auto_cc/inst/gen_clock_conv.gen_sync_conv.gen_conv_read_ch.ar_sync_clock_converter/gen_sync_clock_converter.load_tpayload            |                                                                                                                                                                                                           |                7 |             28 |         4.00 |
|  system_wrapper_i/clk_wiz_0/inst/clk_125  | system_wrapper_i/axi_interconnect_0/s00_couplers/auto_pc/inst/gen_axilite.gen_b2s_conv.axilite_b2s/RD.ar_channel_0/ar_cmd_fsm_0/m_valid_i_reg_1[0]                                    |                                                                                                                                                                                                           |                6 |             28 |         4.67 |
|  system_wrapper_i/clk_wiz_0/inst/clk_125  | system_wrapper_i/axi_interconnect_0/s00_couplers/auto_pc/inst/gen_axilite.gen_b2s_conv.axilite_b2s/SI_REG/ar.ar_pipe/s_ready_i_reg_0                                                  |                                                                                                                                                                                                           |                7 |             28 |         4.00 |
|  system_wrapper_i/clk_wiz_0/inst/clk_125  | system_wrapper_i/axi_interconnect_0/s00_couplers/auto_pc/inst/gen_axilite.gen_b2s_conv.axilite_b2s/SI_REG/aw.aw_pipe/s_ready_i_reg_0                                                  |                                                                                                                                                                                                           |                8 |             28 |         3.50 |
|  system_wrapper_i/clk_wiz_0/inst/clk_125  |                                                                                                                                                                                       | system_wrapper_i/acquire_top_0/inst/dec_cnt[31]                                                                                                                                                           |                8 |             31 |         3.88 |
|  system_wrapper_i/clk_wiz_0/inst/clk_125  |                                                                                                                                                                                       | system_wrapper_i/waveform_top_0/inst/axi_bram_ctrl_inst/U0/gext_inst.abcv4_0_ext_inst/GEN_AXI4.I_FULL_AXI/I_RD_CHNL/GEN_NO_RD_CMD_OPT.I_WRAP_BRST/S_AXI_ARESETN                                           |               16 |             32 |         2.00 |
|  system_wrapper_i/clk_wiz_0/inst/clk_125  | system_wrapper_i/axi_interconnect_0/s00_couplers/auto_pc/inst/gen_axilite.gen_b2s_conv.axilite_b2s/RD.r_channel_0/rd_data_fifo_0/wr_en0                                               |                                                                                                                                                                                                           |                9 |             32 |         3.56 |
|  system_wrapper_i/clk_wiz_0/inst/clk_125  |                                                                                                                                                                                       | system_wrapper_i/reg_ctrl_top_0/inst/reg_rd_data[31]_i_1_n_0                                                                                                                                              |               12 |             32 |         2.67 |
|  system_wrapper_i/clk_wiz_0/inst/clk_125  | system_wrapper_i/reg_ctrl_top_0/inst/buff_size0                                                                                                                                       | system_wrapper_i/reg_ctrl_top_0/inst/p_0_in                                                                                                                                                               |                6 |             32 |         5.33 |
|  system_wrapper_i/clk_wiz_0/inst/clk_125  | system_wrapper_i/reg_ctrl_top_0/inst/cfg_dec0                                                                                                                                         | system_wrapper_i/reg_ctrl_top_0/inst/p_0_in                                                                                                                                                               |                6 |             32 |         5.33 |
|  system_wrapper_i/clk_wiz_0/inst/clk_125  | system_wrapper_i/reg_ctrl_top_0/inst/dest_addr0                                                                                                                                       | system_wrapper_i/reg_ctrl_top_0/inst/p_0_in                                                                                                                                                               |                6 |             32 |         5.33 |
|  system_wrapper_i/clk_wiz_0/inst/clk_125  | system_wrapper_i/AXI_HP_top_0/inst/axi_control/cnt_fifo_data[15]_i_1_n_0                                                                                                              |                                                                                                                                                                                                           |               10 |             32 |         3.20 |
|  system_wrapper_i/clk_wiz_0/inst/clk_125  | system_wrapper_i/waveform_top_0/inst/axi_bram_ctrl_inst/U0/gext_inst.abcv4_0_ext_inst/GEN_AXI4.I_FULL_AXI/I_WR_CHNL/GEN_WRDATA[31].bram_wrdata_int[31]_i_1_n_0                        |                                                                                                                                                                                                           |                7 |             32 |         4.57 |
|  system_wrapper_i/clk_wiz_0/inst/clk_62_5 | system_wrapper_i/axi_interconnect_1/s00_couplers/auto_cc/inst/gen_clock_conv.gen_sync_conv.gen_conv_write_ch.w_sync_clock_converter/gen_sync_clock_converter.load_tpayload            |                                                                                                                                                                                                           |               10 |             33 |         3.30 |
|  system_wrapper_i/clk_wiz_0/inst/clk_62_5 | system_wrapper_i/axi_interconnect_1/s00_couplers/auto_cc/inst/gen_clock_conv.gen_sync_conv.gen_conv_write_ch.w_sync_clock_converter/gen_sync_clock_converter.m_tstorage_r[48]_i_1_n_0 |                                                                                                                                                                                                           |                7 |             33 |         4.71 |
|  system_wrapper_i/clk_wiz_0/inst/clk_125  | system_wrapper_i/axi_interconnect_1/s00_couplers/auto_pc/inst/gen_axilite.gen_b2s_conv.axilite_b2s/WR.aw_channel_0/aw_cmd_fsm_0/E[0]                                                  |                                                                                                                                                                                                           |                7 |             34 |         4.86 |
|  system_wrapper_i/clk_wiz_0/inst/clk_62_5 | system_wrapper_i/axi_interconnect_1/s00_couplers/auto_cc/inst/gen_clock_conv.gen_sync_conv.gen_conv_write_ch.aw_sync_clock_converter/gen_sync_clock_converter.load_tpayload           |                                                                                                                                                                                                           |                8 |             34 |         4.25 |
|  system_wrapper_i/clk_wiz_0/inst/clk_125  | system_wrapper_i/axi_interconnect_1/s00_couplers/auto_pc/inst/gen_axilite.gen_b2s_conv.axilite_b2s/SI_REG/aw.aw_pipe/s_ready_i_reg_0                                                  |                                                                                                                                                                                                           |                8 |             34 |         4.25 |
|  system_wrapper_i/clk_wiz_0/inst/clk_62_5 | system_wrapper_i/axi_interconnect_0/s00_couplers/auto_cc/inst/gen_clock_conv.gen_sync_conv.gen_conv_write_ch.w_sync_clock_converter/gen_sync_clock_converter.m_tstorage_r[48]_i_1_n_0 |                                                                                                                                                                                                           |                6 |             36 |         6.00 |
|  system_wrapper_i/clk_wiz_0/inst/clk_62_5 | system_wrapper_i/axi_interconnect_0/s00_couplers/auto_cc/inst/gen_clock_conv.gen_sync_conv.gen_conv_write_ch.w_sync_clock_converter/gen_sync_clock_converter.load_tpayload            |                                                                                                                                                                                                           |               10 |             36 |         3.60 |
|  system_wrapper_i/clk_wiz_0/inst/clk_62_5 | system_wrapper_i/axi_interconnect_0/s00_couplers/auto_cc/inst/gen_clock_conv.gen_sync_conv.gen_conv_read_ch.r_sync_clock_converter/gen_sync_clock_converter.m_tstorage_r[46]_i_1_n_0  |                                                                                                                                                                                                           |                8 |             45 |         5.62 |
|  system_wrapper_i/clk_wiz_0/inst/clk_62_5 | system_wrapper_i/axi_interconnect_0/s00_couplers/auto_cc/inst/gen_clock_conv.gen_sync_conv.gen_conv_read_ch.r_sync_clock_converter/gen_sync_clock_converter.load_tpayload             |                                                                                                                                                                                                           |               13 |             45 |         3.46 |
|  system_wrapper_i/clk_wiz_0/inst/clk_125  | system_wrapper_i/axi_interconnect_0/s00_couplers/auto_pc/inst/gen_axilite.gen_b2s_conv.axilite_b2s/SI_REG/r.r_pipe/p_1_in                                                             |                                                                                                                                                                                                           |                7 |             45 |         6.43 |
|  system_wrapper_i/clk_wiz_0/inst/clk_125  | system_wrapper_i/axi_interconnect_0/s00_couplers/auto_pc/inst/gen_axilite.gen_b2s_conv.axilite_b2s/SI_REG/r.r_pipe/s_ready_i_reg_0                                                    |                                                                                                                                                                                                           |                6 |             45 |         7.50 |
|  system_wrapper_i/clk_wiz_0/inst/clk_62_5 |                                                                                                                                                                                       |                                                                                                                                                                                                           |               18 |             49 |         2.72 |
|  system_wrapper_i/clk_wiz_0/inst/clk_125  | system_wrapper_i/AXI_HP_top_0/inst/axi_control/FIFO/U0/inst_fifo_gen/gconvfifo.rf/grf.rf/gntv_or_sync_fifo.gl0.rd/gr1.gr1_int.rfwft/E[0]                                              | system_wrapper_i/AXI_HP_top_0/inst/axi_control/FIFO/U0/inst_fifo_gen/gconvfifo.rf/grf.rf/rstblk/SR[0]                                                                                                     |               18 |             64 |         3.56 |
|  system_wrapper_i/clk_wiz_0/inst/clk_125  |                                                                                                                                                                                       |                                                                                                                                                                                                           |               78 |            274 |         3.51 |
+-------------------------------------------+---------------------------------------------------------------------------------------------------------------------------------------------------------------------------------------+-----------------------------------------------------------------------------------------------------------------------------------------------------------------------------------------------------------+------------------+----------------+--------------+


